

		Intermediate code file generated by compiler	
					Symbol Tables 

                            SYMBOL TABLE Global                            

	Name      Type                                    Initial_Value  Size    Offset  Nested ptr
  	a         int                                     null           4       0       null         
	c         int                                     null           4       4       null         
	x         double                                  null           8       8       null         
	i         int                                     null           4       16      null         
	s         double                                  null           8       20      null         
	add1      function                                null           0       28      ptr-to-ST(add1)
	main      function                                null           0       28      ptr-to-ST(main)

                            SYMBOL TABLE add1                            

	Name      Type                                    Initial_Value  Size    Offset  Nested ptr
  	a         double                                  null           8       28      null         
	retval    int                                     null           4       36      null         

                            SYMBOL TABLE main                            

	Name      Type                                    Initial_Value  Size    Offset  Nested ptr
  	retval    int                                     null           4       40      null         
	t088      int                                     3              4       44      null         
	t089      int                                     3              4       48      null         
	t090      int                                     0              4       52      null         
	t091      int                                     null           4       56      null         
	t092      int                                     null           4       60      null         
	t093      int                                     0              4       64      null         
	t094      int                                     null           4       68      null         
	t095      int                                     null           4       72      null         
	t096      int                                     null           4       76      null         
	t097      int                                     0              4       80      null         
	t098      int                                     0              4       84      null         
	t099      int                                     null           4       88      null         
	t100      int                                     3              4       92      null         
	t101      double                                  null           8       96      null         
	t102      double                                  null           8       104     null         
	t103      double                                  null           8       112     null         
	t104      double                                  null           8       120     null         
	t105      int                                     null           4       128     null         
	t106      double                                  null           8       132     null         
	t107      double                                  null           8       140     null         
	t108      int                                     3              4       148     null         
	t109      double                                  null           8       152     null         
	t110      double                                  null           8       160     null         
	t111      double                                  null           8       168     null         
	t112      double                                  null           8       176     null         
	t113      int                                     null           4       184     null         
	t114      double                                  null           8       188     null         
	t115      int                                     null           4       196     null         
	t116      int                                     null           4       200     null         
	t117      int                                     0              4       204     null         
	t118      int                                     null           4       208     null         
	t119      int                                     null           4       212     null         
	t120      int                                     0              4       216     null         
	t121      int                                     null           4       220     null         
	t122      int                                     3              4       224     null         
	t123      double                                  null           8       228     null         
	t124      double                                  null           8       236     null         
	t125      double                                  null           8       244     null         
	t126      double                                  null           8       252     null         
	t127      int                                     null           4       260     null         
	t128      double                                  null           8       264     null         
	t129      int                                     3              4       272     null         
	t130      double                                  null           8       276     null         
	t131      double                                  null           8       284     null         
	t132      double                                  null           8       292     null         
	t133      double                                  null           8       300     null         
	t134      int                                     null           4       308     null         
	t135      double                                  null           8       312     null         
	t136      int                                     null           4       320     null         


					Quad Array

1000 : t088=3
1001 : if i>t088 goto 1003
1002 : goto 1005
1003 : t089=3
1004 : c=t089
1005 : t090=0
1006 : if i<=t090 goto 1008
1007 : goto 1011
1008 : t091=x
1009 : c=t091
1010 : goto 1013
1011 : t092=x
1012 : c=t092
1013 : goto 1014
1014 : t093=0
1015 : if i>t093 goto 1017
1016 : goto 1024
1017 : t094=c+a
1018 : a=t094
1019 : t095=i
1020 : i=i+1
1021 : t096=a
1022 : a=a-1
1023 : goto 1014
1024 : t097=0
1025 : i=t097
1026 : goto 1027
1027 : t098=0
1028 : if i>t098 goto 1033
1029 : goto 1046
1030 : t099=i
1031 : i=i+1
1032 : goto 1026
1033 : t100=3
1034 : t101=t100
1035 : t102=s*t101
1036 : t103=a
1037 : t104=t103+t102
1038 : t105=t104
1039 : c=t105
1040 : t106=c
1041 : s=t106
1042 : t107=s
1043 : s=s-1
1044 : c=a
1045 : goto 1030
1046 : t108=3
1047 : t109=t108
1048 : t110=s*t109
1049 : t111=a
1050 : t112=t111+t110
1051 : t113=t112
1052 : c=t113
1053 : t114=c
1054 : s=t114
1055 : c=a
1056 : t115=c
1057 : c=c-1
1058 : t116=a+c
1059 : a=t116
1060 : t117=0
1061 : if a>t117 goto 1046
1062 : goto 1063
1063 : goto 1068
1064 : t118=c+a
1065 : a=t118
1066 : t119=i
1067 : i=i+1
1068 : if i==0 goto 1071
1069 : goto 1064
1070 : goto 1064
1071 : t120=0
1072 : i=t120
1073 : goto 1088
1074 : t121=i
1075 : i=i+1
1076 : goto 1073
1077 : t122=3
1078 : t123=t122
1079 : t124=s*t123
1080 : t125=a
1081 : t126=t125+t124
1082 : t127=t126
1083 : c=t127
1084 : t128=c
1085 : s=t128
1086 : c=a
1087 : goto 1074
1088 : if i==0 goto 1090
1089 : goto 1077
1090 : t129=3
1091 : t130=t129
1092 : t131=s*t130
1093 : t132=a
1094 : t133=t132+t131
1095 : t134=t133
1096 : c=t134
1097 : t135=c
1098 : s=t135
1099 : c=a
1100 : t136=a+c
1101 : a=t136
1102 : if a==0 goto 1104
1103 : goto 1090
1104 : return a


