

		Intermediate code file generated by compiler	
					Symbol Tables 

                            SYMBOL TABLE Global                            

	Name      Type                                    Initial_Value  Size    Offset  Nested ptr
  	a         int                                     null           4       0       null         
	ptra      ptr(int)                                null           4       4       null         
	a1        int                                     null           4       8       null         
	a2        int                                     null           4       12      null         
	d1        double                                  null           8       16      null         
	d2        double                                  4.800000       8       24      null         
	c         char                                    null           1       32      null         
	arr1      array(2,int)                            null           8       33      null         
	t017      int                                     2              4       41      null         
	arr2      array(3,array(4,int))                   null           48      45      null         
	t018      int                                     3              4       93      null         
	t019      int                                     4              4       97      null         
	arr3      array(3,array(3,array(3,int)))          null           108     101     null         
	t020      int                                     3              4       209     null         
	t021      int                                     3              4       213     null         
	t022      int                                     3              4       217     null         
	add1      function                                null           0       221     ptr-to-ST(add1)
	main      function                                null           0       221     ptr-to-ST(main)
	t042      int                                     null           4       221     null         
	t046      int                                     null           4       225     null         
	t048      int                                     null           4       229     null         
	t050      int                                     null           4       233     null         
	t051      int                                     null           4       237     null         
	t053      int                                     null           4       241     null         
	t055      int                                     null           4       245     null         
	t056      int                                     null           4       249     null         
	t058      int                                     null           4       253     null         
	t059      int                                     null           4       257     null         
	t061      int                                     null           4       261     null         
	t063      int                                     null           4       265     null         
	t064      int                                     null           4       269     null         
	t066      int                                     null           4       273     null         
	t068      int                                     null           4       277     null         
	t069      int                                     null           4       281     null         
	t071      int                                     null           4       285     null         
	t072      int                                     null           4       289     null         
	t086      int                                     null           4       293     null         

                            SYMBOL TABLE add1                            

	Name      Type                                    Initial_Value  Size    Offset  Nested ptr
  	a         int                                     null           4       297     null         
	b         int                                     null           4       301     null         
	retval    int                                     null           4       305     null         

                            SYMBOL TABLE main                            

	Name      Type                                    Initial_Value  Size    Offset  Nested ptr
  	a         int                                     null           4       309     null         
	d         double                                  null           8       313     null         
	retval    int                                     null           4       321     null         
	t023      int                                     4              4       325     null         
	t024      double                                  2.500000       8       329     null         
	t025      char                                    f              1       337     null         
	t026      int                                     5              4       338     null         
	t027      int                                     3              4       342     null         
	t028      int                                     null           4       346     null         
	t029      int                                     null           4       350     null         
	t030      int                                     null           4       354     null         
	t031      double                                  2.300000       8       358     null         
	t032      double                                  null           8       366     null         
	t033      double                                  null           8       374     null         
	t034      double                                  null           8       382     null         
	t035      int                                     null           4       390     null         
	t036      int                                     4              4       394     null         
	t037      int                                     null           4       398     null         
	t038      int                                     3              4       402     null         
	t039      int                                     null           4       406     null         
	t040      int                                     null           4       410     null         
	t041      int                                     null           4       414     null         
	b         null                                    null           0       418     null         
	t043      char                                    null           1       418     null         
	t044      int                                     null           4       419     null         
	t045      int                                     3              4       423     null         
	t047      int                                     2              4       427     null         
	t049      int                                     1              4       431     null         
	t052      int                                     0              4       435     null         
	t054      int                                     1              4       439     null         
	t057      int                                     2              4       443     null         
	t060      int                                     2              4       447     null         
	t062      int                                     1              4       451     null         
	t065      int                                     1              4       455     null         
	t067      int                                     2              4       459     null         
	t070      int                                     2              4       463     null         
	t073      int                                     null           4       467     null         
	t074      double                                  null           8       471     null         
	t075      double                                  null           8       479     null         
	t076      double                                  null           8       487     null         
	t077      int                                     2              4       495     null         
	t078      int                                     5              4       499     null         
	t079      int                                     null           4       503     null         
	t080      int                                     4              4       507     null         
	t081      int                                     3              4       511     null         
	t082      int                                     null           4       515     null         
	t083      int                                     null           4       519     null         
	t084      int                                     3              4       523     null         
	t085      int                                     null           4       527     null         
	t087      double                                  null           8       531     null         


					Quad Array

1000 : d2=4.800000
1001 : t017=2
1002 : t018=3
1003 : t019=4
1004 : t020=3
1005 : t021=3
1006 : t022=3
1007 : t023=4
1008 : a=t023
1009 : t024=2.500000
1010 : d=t024
1011 : t025='f'
1012 : c=t025
1013 : t026=5
1014 : t027=3
1015 : t028=t027*a1
1016 : t029=t026+t028
1017 : t030=t029+a
1018 : a=t030
1019 : t031=2.300000
1020 : t032=d1/t031
1021 : t033=t032*d2
1022 : d1=t033
1023 : t034=d2
1024 : d2=d2+1
1025 : t035=a1
1026 : a1=a1+1
1027 : t036=4
1028 : t037=a1<<t036
1029 : a1=t037
1030 : t038=3
1031 : t039=a2>>t038
1032 : a2=t039
1033 : a=a-1
1034 : t040=a
1035 : a=a+1
1036 : t041=a
1037 : param a
1038 : param b
1039 : t042=call add1,2
1040 : t043=t042
1041 : c=t043
1042 : t044=d
1043 : a=t044
1044 : t045=3
1045 : t046=t045*4
1046 : a=arr1[t046]
1047 : t047=2
1048 : t048=t047*16
1049 : t049=1
1050 : t051=t049*4
1051 : t050=t048+t051
1052 : a1=arr2[t050]
1053 : t052=0
1054 : t053=t052*36
1055 : t054=1
1056 : t056=t054*12
1057 : t055=t053+t056
1058 : t057=2
1059 : t059=t057*4
1060 : t058=t055+t059
1061 : a2=arr3[t058]
1062 : t060=2
1063 : t061=t060*16
1064 : t062=1
1065 : t064=t062*4
1066 : t063=t061+t064
1067 : t065=1
1068 : t066=t065*36
1069 : t067=2
1070 : t069=t067*12
1071 : t068=t066+t069
1072 : t070=2
1073 : t072=t070*4
1074 : t071=t068+t072
1075 : t073=arr3[t071]
1076 : arr2[t063]=t073
1077 : t074=d1/d2
1078 : t075=d1%d2
1079 : t076=t074+t075
1080 : d1=t076
1081 : t077=2
1082 : t078=5
1083 : if t077>t078 goto 1085
1084 : goto 1087
1085 : t079=1
1086 : goto 1087
1087 : t079=0
1088 : a=t079
1089 : t080=4
1090 : t081=3
1091 : if t080<t081 goto 1093
1092 : goto 1095
1093 : t082=1
1094 : goto 1095
1095 : t082=0
1096 : d=t082
1097 : t083=a1^a2
1098 : a=t083
1099 : t084=3
1100 : if t084>a goto 1103
1101 : goto 1104
1102 : goto 1108
1103 : goto 1106
1104 : t085=a
1105 : goto 1108
1106 : t085=a1
1107 : goto 1108
1108 : a1=t085
1109 : param a1
1110 : param a2
1111 : t086=call add1,2
1112 : t087=t086
1113 : d1=t087


