

		Intermediate code file generated by compiler	
					Symbol Tables 

                            SYMBOL TABLE Global                            

	Name      Type                                    Initial_Value  Size    Offset  Nested ptr
  	a1        int                                     null           4       0       null         
	b1        char                                    null           1       4       null         
	c1        double                                  null           8       5       null         
	a2        int                                     34             4       13      null         
	b2        int                                     455            4       17      null         
	c2        char                                    null           1       21      null         
	d2        char                                    f              1       22      null         
	e2        double                                  0.980000       8       23      null         
	f2        double                                  9.648000       8       31      null         
	arr       array(4,int)                            null           16      39      null         
	t142      int                                     4              4       55      null         
	arr1      array(4,array(5,double))                null           160     59      null         
	t143      int                                     4              4       219     null         
	t144      int                                     5              4       223     null         
	arr2      array(3,array(5,array(5,int)))          null           300     227     null         
	t145      int                                     3              4       527     null         
	t146      int                                     5              4       531     null         
	t147      int                                     5              4       535     null         
	main      function                                null           0       539     ptr-to-ST(main)

                            SYMBOL TABLE main                            

	Name      Type                                    Initial_Value  Size    Offset  Nested ptr
  	retval    int                                     null           4       539     null         
	t148      double                                  3.400000       8       543     null         
	t149      int                                     null           4       551     null         
	t150      int                                     4              4       555     null         
	t151      double                                  null           8       559     null         
	t152      double                                  3.400000       8       567     null         
	t153      double                                  null           8       575     null         
	t154      double                                  null           8       583     null         
	t155      int                                     null           4       591     null         
	t156      int                                     3              4       595     null         
	t157      int                                     null           4       599     null         
	t158      int                                     4              4       603     null         
	t159      int                                     null           4       607     null         
	t160      int                                     null           4       611     null         
	t161      double                                  null           8       615     null         
	a         null                                    null           0       623     null         
	t162      int                                     3              4       623     null         
	t163      int                                     4              4       627     null         
	t164      int                                     null           4       631     null         
	t165      int                                     3              4       635     null         
	t166      double                                  null           8       639     null         
	t167      double                                  null           8       647     null         
	t168      double                                  null           8       655     null         
	t169      int                                     null           4       663     null         
	t170      int                                     null           4       667     null         
	t171      char                                    null           1       671     null         
	i         null                                    null           0       672     null         
	t172      int                                     0              4       672     null         
	t173      null                                    null           0       676     null         
	t174      double                                  3.400000       8       676     null         
	t175      double                                  null           8       684     null         
	t176      double                                  null           8       692     null         


					Quad Array

1000 : a2=34
1001 : b2=455
1002 : d2=f
1003 : e2=0.980000
1004 : f2=9.648000
1005 : t142=4
1006 : t143=4
1007 : t144=5
1008 : t145=3
1009 : t146=5
1010 : t147=5
1011 : t148=3.400000
1012 : t149=t148
1013 : a1=t149
1014 : t150=4
1015 : t151=t150
1016 : c1=t151
1017 : t152=3.400000
1018 : t153=t152*e2
1019 : t154=c1+t153
1020 : t155=t154
1021 : a1=t155
1022 : t156=3
1023 : t157=a1+t156
1024 : t158=4
1025 : t159=t158*a2
1026 : t160=t157+t159
1027 : t161=t160
1028 : c1=t161
1029 : t162=3
1030 : t163=4
1031 : if t162>t163 goto 1033
1032 : goto 1035
1033 : t164=1
1034 : goto 1035
1035 : t164=0
1036 : a=t164
1037 : t165=3
1038 : t166=t165
1039 : t167=t166*e2
1040 : t168=c1+t167
1041 : t169=t168
1042 : a1=t169
1043 : goto 1048
1044 : t170=a1
1045 : a1=a1-1
1046 : b1=b1+1
1047 : t171=b1
1048 : if a1==0 goto 1051
1049 : goto 1044
1050 : goto 1044
1051 : goto 1052
1052 : t172=0
1053 : if i<t172 goto 1058
1054 : goto 1063
1055 : t173=i
1056 : i=i+1
1057 : goto 1051
1058 : t174=3.400000
1059 : t175=a1
1060 : t176=t175+t174
1061 : e2=t176
1062 : goto 1055


