

		Intermediate code file generated by compiler	
					Symbol Tables 

                            SYMBOL TABLE Global                            

	Name      Type                                    Initial_Value  Size    Offset  Nested ptr
  	a1        int                                     null           4       0       null         
	b1        char                                    null           1       4       null         
	c1        double                                  null           8       5       null         
	a2        int                                     34             4       13      null         
	b2        int                                     455            4       17      null         
	c2        char                                    null           1       21      null         
	d2        char                                    f              1       22      null         
	e2        double                                  0.980000       8       23      null         
	f2        double                                  9.648000       8       31      null         
	a3        ptr(void)                               null           4       39      null         
	b3        ptr(void)                               null           4       43      null         
	c3        ptr(int)                                0              4       47      null         
	d3        ptr(int)                                null           4       51      null         
	e3        ptr(double)                             null           4       55      null         
	f3        double                                  0              8       59      null         
	g3        ptr(char)                               0              4       67      null         
	h3        char                                    0              1       71      null         
	str       ptr(char)                               "just_a_test"  4       72      null         
	arr       array(4,int)                            null           16      76      null         
	t187      int                                     4              4       92      null         
	arr1      array(4,array(5,double))                null           160     96      null         
	t188      int                                     4              4       256     null         
	t189      int                                     5              4       260     null         
	arr2      array(3,array(5,array(5,int)))          null           300     264     null         
	t190      int                                     3              4       564     null         
	t191      int                                     5              4       568     null         
	t192      int                                     5              4       572     null         
	j         int                                     null           4       576     null         
	main      function                                null           0       580     ptr-to-ST(main)
	t200      int                                     null           4       580     null         
	t202      int                                     null           4       584     null         
	t204      int                                     null           4       588     null         
	t206      int                                     null           4       592     null         
	t208      int                                     null           4       596     null         
	t209      int                                     null           4       600     null         

                            SYMBOL TABLE main                            

	Name      Type                                    Initial_Value  Size    Offset  Nested ptr
  	retval    int                                     null           4       604     null         
	t193      int                                     3              4       608     null         
	i         null                                    null           0       612     null         
	t194      int                                     0              4       612     null         
	t195      null                                    null           0       616     null         
	t196      double                                  null           8       616     null         
	t197      double                                  null           8       624     null         
	t198      int                                     1              4       632     null         
	t199      int                                     1              4       636     null         
	t201      int                                     1              4       640     null         
	t203      int                                     4              4       644     null         
	t205      int                                     1              4       648     null         
	t207      int                                     1              4       652     null         
	t210      int                                     2              4       656     null         
	t211      int                                     null           4       660     null         
	t212      int                                     8              4       664     null         
	t213      int                                     0              4       668     null         
	t214      int                                     null           4       672     null         
	t215      int                                     3              4       676     null         
	t216      int                                     3              4       680     null         


					Quad Array

1000 : a2=34
1001 : b2=455
1002 : d2=f
1003 : e2=0.980000
1004 : f2=9.648000
1005 : c3=0
1006 : f3=0
1007 : g3=0
1008 : h3=0
1009 : str="just_a_test"
1010 : t187=4
1011 : t188=4
1012 : t189=5
1013 : t190=3
1014 : t191=5
1015 : t192=5
1016 : t193=3
1017 : a1=t193
1018 : goto 1019
1019 : t194=0
1020 : if i>t194 goto 1025
1021 : goto 1029
1022 : t195=i
1023 : i=i-1
1024 : goto 1018
1025 : t196=a1
1026 : t197=c1+t196
1027 : e2=t197
1028 : goto 1022
1029 : goto 1059
1030 : t198=1
1031 : t199=1
1032 : t200=t199*4
1033 : a1=arr[t200]
1034 : t201=1
1035 : t202=t201*4
1036 : arr[t202]=a1
1037 : t203=4
1038 : t204=t203*4
1039 : t205=1
1040 : t206=t205*40
1041 : t207=1
1042 : t209=t207*8
1043 : t208=t206+t209
1044 : t210=2
1045 : t211=t208+t210
1046 : arr[t204]=t211
1047 : t212=8
1048 : j=t212
1049 : goto 1050
1050 : t213=0
1051 : if j>t213 goto 1056
1052 : goto 1030
1053 : t214=j
1054 : j=j-1
1055 : goto 1049
1056 : t215=3
1057 : j=t215
1058 : goto 1053
1059 : if t198==0 goto 1062
1060 : goto 1031
1061 : goto 1030
1062 : t216=3
1063 : return t216


