

		Intermediate code file generated by compiler	
					Symbol Tables 

                            SYMBOL TABLE Global                            

	Name      Type                                    Initial_Value  Size    Offset  Nested ptr
  	a1        int                                     null           4       0       null         
	b1        char                                    null           1       4       null         
	c1        double                                  null           8       5       null         
	a2        int                                     34             4       13      null         
	b2        int                                     455            4       17      null         
	c2        char                                    null           1       21      null         
	d2        char                                    f              1       22      null         
	e2        double                                  0.980000       8       23      null         
	f2        double                                  9.648000       8       31      null         
	a3        ptr(void)                               null           4       39      null         
	b3        ptr(void)                               null           4       43      null         
	c3        ptr(int)                                0              4       47      null         
	d3        ptr(int)                                null           4       51      null         
	e3        ptr(double)                             null           4       55      null         
	f3        double                                  0              8       59      null         
	g3        ptr(char)                               0              4       67      null         
	h3        char                                    0              1       71      null         
	str       ptr(char)                               "just_a_test"  4       72      null         
	arr       array(4,int)                            null           16      76      null         
	t010      int                                     4              4       92      null         
	arr1      array(4,array(5,double))                null           160     96      null         
	t011      int                                     4              4       256     null         
	t012      int                                     5              4       260     null         
	arr2      array(3,array(5,array(5,int)))          null           300     264     null         
	t013      int                                     3              4       564     null         
	t014      int                                     5              4       568     null         
	t015      int                                     5              4       572     null         
	add1      function                                null           0       576     ptr-to-ST(add1)
	add2      function                                null           0       576     ptr-to-ST(add2)
	add3      function                                null           0       576     ptr-to-ST(add3)
	add4      function                                null           0       576     ptr-to-ST(add4)
	add5      function                                null           0       576     ptr-to-ST(add5)
	test6     function                                null           0       576     ptr-to-ST(test6)
	test5     function                                null           0       576     ptr-to-ST(test5)
	test4     function                                null           0       576     ptr-to-ST(test4)
	test3     function                                null           0       576     ptr-to-ST(test3)
	test2     function                                null           0       576     ptr-to-ST(test2)
	test1     function                                null           0       576     ptr-to-ST(test1)
	func      function                                null           0       576     ptr-to-ST(func)

                            SYMBOL TABLE add1                            

	Name      Type                                    Initial_Value  Size    Offset  Nested ptr
  	retval    int                                     null           4       576     null         

                            SYMBOL TABLE add2                            

	Name      Type                                    Initial_Value  Size    Offset  Nested ptr
  	retval    char                                    null           1       580     null         

                            SYMBOL TABLE add3                            

	Name      Type                                    Initial_Value  Size    Offset  Nested ptr
  	a         ptr(int)                                null           4       581     null         
	b         int                                     null           4       585     null         
	c         int                                     null           4       589     null         
	retval    int                                     null           4       593     null         

                            SYMBOL TABLE add4                            

	Name      Type                                    Initial_Value  Size    Offset  Nested ptr
  	a         int                                     null           4       597     null         
	b         ptr(double)                             null           4       601     null         
	su        int                                     null           4       605     null         
	retval    void                                    null           4       609     null         

                            SYMBOL TABLE add5                            

	Name      Type                                    Initial_Value  Size    Offset  Nested ptr
  	a         double                                  null           8       613     null         
	b         ptr(char)                               null           4       621     null         
	retval    int                                     null           4       625     null         

                            SYMBOL TABLE test6                            

	Name      Type                                    Initial_Value  Size    Offset  Nested ptr
  	retval    ptr(int)                                null           4       629     null         

                            SYMBOL TABLE test5                            

	Name      Type                                    Initial_Value  Size    Offset  Nested ptr
  	retval    ptr(void)                               null           4       633     null         

                            SYMBOL TABLE test4                            

	Name      Type                                    Initial_Value  Size    Offset  Nested ptr
  	retval    ptr(char)                               null           4       637     null         

                            SYMBOL TABLE test3                            

	Name      Type                                    Initial_Value  Size    Offset  Nested ptr
  	a         int                                     null           4       641     null         
	b         int                                     null           4       645     null         
	c         int                                     null           4       649     null         
	retval    ptr(int)                                null           4       653     null         

                            SYMBOL TABLE test2                            

	Name      Type                                    Initial_Value  Size    Offset  Nested ptr
  	a         int                                     null           4       657     null         
	b         ptr(double)                             null           4       661     null         
	su        int                                     null           4       665     null         
	retval    ptr(void)                               null           4       669     null         

                            SYMBOL TABLE test1                            

	Name      Type                                    Initial_Value  Size    Offset  Nested ptr
  	a         double                                  null           8       673     null         
	b         char                                    null           1       681     null         
	retval    ptr(int)                                null           4       682     null         

                            SYMBOL TABLE func                            

	Name      Type                                    Initial_Value  Size    Offset  Nested ptr
  	i         int                                     null           4       686     null         
	d         double                                  null           8       690     null         
	retval    void                                    null           4       698     null         


					Quad Array

1000 : a2=34
1001 : b2=455
1002 : d2=f
1003 : e2=0.980000
1004 : f2=9.648000
1005 : c3=0
1006 : f3=0
1007 : g3=0
1008 : h3=0
1009 : str="just_a_test"
1010 : t010=4
1011 : t011=4
1012 : t012=5
1013 : t013=3
1014 : t014=5
1015 : t015=5


